<?xml version="1.0" encoding="UTF-8"?>
<testsuite name="com.bulletin.toy.controller.user.UserRestControllerTest" tests="1" skipped="1" failures="0" errors="0" timestamp="2020-10-28T04:57:08" hostname="yhkim1031ui-MacBookPro.local" time="0.0">
  <properties/>
  <testcase name="test1_회원가입" classname="com.bulletin.toy.controller.user.UserRestControllerTest" time="0.0">
    <skipped/>
  </testcase>
  <system-out><![CDATA[13:57:07.993 [Test worker] DEBUG org.springframework.test.context.junit4.SpringJUnit4ClassRunner - SpringJUnit4ClassRunner constructor called with [class com.bulletin.toy.controller.user.UserRestControllerTest]
13:57:07.999 [Test worker] DEBUG org.springframework.test.context.BootstrapUtils - Instantiating CacheAwareContextLoaderDelegate from class [org.springframework.test.context.cache.DefaultCacheAwareContextLoaderDelegate]
13:57:08.004 [Test worker] DEBUG org.springframework.test.context.BootstrapUtils - Instantiating BootstrapContext using constructor [public org.springframework.test.context.support.DefaultBootstrapContext(java.lang.Class,org.springframework.test.context.CacheAwareContextLoaderDelegate)]
13:57:08.022 [Test worker] DEBUG org.springframework.test.context.BootstrapUtils - Instantiating TestContextBootstrapper for test class [com.bulletin.toy.controller.user.UserRestControllerTest] from class [org.springframework.boot.test.context.SpringBootTestContextBootstrapper]
13:57:08.029 [Test worker] INFO org.springframework.boot.test.context.SpringBootTestContextBootstrapper - Neither @ContextConfiguration nor @ContextHierarchy found for test class [com.bulletin.toy.controller.user.UserRestControllerTest], using SpringBootContextLoader
13:57:08.031 [Test worker] DEBUG org.springframework.test.context.support.AbstractContextLoader - Did not detect default resource location for test class [com.bulletin.toy.controller.user.UserRestControllerTest]: class path resource [com/bulletin/toy/controller/user/UserRestControllerTest-context.xml] does not exist
13:57:08.031 [Test worker] DEBUG org.springframework.test.context.support.AbstractContextLoader - Did not detect default resource location for test class [com.bulletin.toy.controller.user.UserRestControllerTest]: class path resource [com/bulletin/toy/controller/user/UserRestControllerTestContext.groovy] does not exist
13:57:08.031 [Test worker] INFO org.springframework.test.context.support.AbstractContextLoader - Could not detect default resource locations for test class [com.bulletin.toy.controller.user.UserRestControllerTest]: no resource found for suffixes {-context.xml, Context.groovy}.
13:57:08.032 [Test worker] INFO org.springframework.test.context.support.AnnotationConfigContextLoaderUtils - Could not detect default configuration classes for test class [com.bulletin.toy.controller.user.UserRestControllerTest]: UserRestControllerTest does not declare any static, non-private, non-final, nested classes annotated with @Configuration.
13:57:08.076 [Test worker] DEBUG org.springframework.test.context.support.ActiveProfilesUtils - Could not find an 'annotation declaring class' for annotation type [org.springframework.test.context.ActiveProfiles] and class [com.bulletin.toy.controller.user.UserRestControllerTest]
13:57:08.138 [Test worker] DEBUG org.springframework.context.annotation.ClassPathScanningCandidateComponentProvider - Identified candidate component class: file [/Users/yhkim1031/Documents/ToyBulletin/client/build/classes/java/main/com/bulletin/toy/ClientServer.class]
13:57:08.139 [Test worker] INFO org.springframework.boot.test.context.SpringBootTestContextBootstrapper - Found @SpringBootConfiguration com.bulletin.toy.ClientServer for test class com.bulletin.toy.controller.user.UserRestControllerTest
13:57:08.226 [Test worker] DEBUG org.springframework.boot.test.context.SpringBootTestContextBootstrapper - @TestExecutionListeners is not present for class [com.bulletin.toy.controller.user.UserRestControllerTest]: using defaults.
13:57:08.227 [Test worker] INFO org.springframework.boot.test.context.SpringBootTestContextBootstrapper - Loaded default TestExecutionListener class names from location [META-INF/spring.factories]: [org.springframework.security.test.context.support.WithSecurityContextTestExecutionListener, org.springframework.security.test.context.support.ReactorContextTestExecutionListener, org.springframework.boot.test.autoconfigure.restdocs.RestDocsTestExecutionListener, org.springframework.boot.test.autoconfigure.web.client.MockRestServiceServerResetTestExecutionListener, org.springframework.boot.test.autoconfigure.web.servlet.MockMvcPrintOnlyOnFailureTestExecutionListener, org.springframework.boot.test.autoconfigure.web.servlet.WebDriverTestExecutionListener, org.springframework.boot.test.mock.mockito.MockitoTestExecutionListener, org.springframework.boot.test.mock.mockito.ResetMocksTestExecutionListener, org.springframework.test.context.web.ServletTestExecutionListener, org.springframework.test.context.support.DirtiesContextBeforeModesTestExecutionListener, org.springframework.test.context.support.DependencyInjectionTestExecutionListener, org.springframework.test.context.support.DirtiesContextTestExecutionListener, org.springframework.test.context.transaction.TransactionalTestExecutionListener, org.springframework.test.context.jdbc.SqlScriptsTestExecutionListener]
13:57:08.243 [Test worker] INFO org.springframework.boot.test.context.SpringBootTestContextBootstrapper - Using TestExecutionListeners: [org.springframework.test.context.web.ServletTestExecutionListener@5a973c34, org.springframework.test.context.support.DirtiesContextBeforeModesTestExecutionListener@6cb2424f, org.springframework.boot.test.mock.mockito.MockitoTestExecutionListener@52d37235, org.springframework.boot.test.autoconfigure.SpringBootDependencyInjectionTestExecutionListener@39427e3c, org.springframework.test.context.support.DirtiesContextTestExecutionListener@5a5783bc, org.springframework.test.context.transaction.TransactionalTestExecutionListener@24090283, org.springframework.test.context.jdbc.SqlScriptsTestExecutionListener@6d029eed, org.springframework.security.test.context.support.WithSecurityContextTestExecutionListener@471bbeef, org.springframework.security.test.context.support.ReactorContextTestExecutionListener@21378fd3, org.springframework.boot.test.autoconfigure.restdocs.RestDocsTestExecutionListener@4d469c6c, org.springframework.boot.test.autoconfigure.web.client.MockRestServiceServerResetTestExecutionListener@34ca86df, org.springframework.boot.test.autoconfigure.web.servlet.MockMvcPrintOnlyOnFailureTestExecutionListener@2e3cba6f, org.springframework.boot.test.autoconfigure.web.servlet.WebDriverTestExecutionListener@3368f16c, org.springframework.boot.test.mock.mockito.ResetMocksTestExecutionListener@4a34be91]
13:57:08.245 [Test worker] DEBUG org.springframework.test.annotation.ProfileValueUtils - Retrieved @ProfileValueSourceConfiguration [null] for test class [com.bulletin.toy.controller.user.UserRestControllerTest]
13:57:08.245 [Test worker] DEBUG org.springframework.test.annotation.ProfileValueUtils - Retrieved ProfileValueSource type [class org.springframework.test.annotation.SystemProfileValueSource] for class [com.bulletin.toy.controller.user.UserRestControllerTest]
13:57:08.246 [Test worker] DEBUG org.springframework.test.annotation.ProfileValueUtils - Retrieved @ProfileValueSourceConfiguration [null] for test class [com.bulletin.toy.controller.user.UserRestControllerTest]
13:57:08.246 [Test worker] DEBUG org.springframework.test.annotation.ProfileValueUtils - Retrieved ProfileValueSource type [class org.springframework.test.annotation.SystemProfileValueSource] for class [com.bulletin.toy.controller.user.UserRestControllerTest]
]]></system-out>
  <system-err><![CDATA[]]></system-err>
</testsuite>
